[2023-03-29T00:56:06.472+0000] {taskinstance.py:1084} INFO - Dependencies all met for dep_context=non-requeueable deps ti=<TaskInstance: my_dag.load_predict scheduled__2023-03-29T00:50:00+00:00 [queued]>
[2023-03-29T00:56:06.502+0000] {taskinstance.py:1084} INFO - Dependencies all met for dep_context=requeueable deps ti=<TaskInstance: my_dag.load_predict scheduled__2023-03-29T00:50:00+00:00 [queued]>
[2023-03-29T00:56:06.503+0000] {taskinstance.py:1282} INFO - 
--------------------------------------------------------------------------------
[2023-03-29T00:56:06.505+0000] {taskinstance.py:1283} INFO - Starting attempt 1 of 1
[2023-03-29T00:56:06.507+0000] {taskinstance.py:1284} INFO - 
--------------------------------------------------------------------------------
[2023-03-29T00:56:06.546+0000] {taskinstance.py:1303} INFO - Executing <Task(PythonOperator): load_predict> on 2023-03-29 00:50:00+00:00
[2023-03-29T00:56:06.558+0000] {standard_task_runner.py:55} INFO - Started process 811 to run task
[2023-03-29T00:56:06.570+0000] {standard_task_runner.py:82} INFO - Running: ['***', 'tasks', 'run', 'my_dag', 'load_predict', 'scheduled__2023-03-29T00:50:00+00:00', '--job-id', '284', '--raw', '--subdir', 'DAGS_FOLDER/test.py', '--cfg-path', '/tmp/tmp4p6fvt33']
[2023-03-29T00:56:06.574+0000] {standard_task_runner.py:83} INFO - Job 284: Subtask load_predict
[2023-03-29T00:56:06.719+0000] {task_command.py:388} INFO - Running <TaskInstance: my_dag.load_predict scheduled__2023-03-29T00:50:00+00:00 [running]> on host 18cf4662f3ac
[2023-03-29T00:56:06.872+0000] {taskinstance.py:1511} INFO - Exporting the following env vars:
AIRFLOW_CTX_DAG_OWNER=***
AIRFLOW_CTX_DAG_ID=my_dag
AIRFLOW_CTX_TASK_ID=load_predict
AIRFLOW_CTX_EXECUTION_DATE=2023-03-29T00:50:00+00:00
AIRFLOW_CTX_TRY_NUMBER=1
AIRFLOW_CTX_DAG_RUN_ID=scheduled__2023-03-29T00:50:00+00:00
[2023-03-29T00:56:11.474+0000] {warnings.py:110} WARNING - /home/***/.local/lib/python3.7/site-packages/google/cloud/bigquery/table.py:1988: UserWarning: A progress bar was requested, but there was an error loading the tqdm library. Please install tqdm to use the progress bar functionality.
  create_bqstorage_client=create_bqstorage_client,

[2023-03-29T01:01:15.657+0000] {gbq.py:352} INFO - Total time taken 308.64 s.
Finished at 2023-03-29 01:01:15.
[2023-03-29T01:01:15.818+0000] {taskinstance.py:1775} ERROR - Task failed with exception
Traceback (most recent call last):
  File "/home/airflow/.local/lib/python3.7/site-packages/airflow/operators/python.py", line 175, in execute
    return_value = self.execute_callable()
  File "/home/airflow/.local/lib/python3.7/site-packages/airflow/operators/python.py", line 192, in execute_callable
    return self.python_callable(*self.op_args, **self.op_kwargs)
  File "/opt/airflow/dags/test.py", line 111, in transform_tax
    encoder = LabelEncoder()
NameError: name 'LabelEncoder' is not defined
[2023-03-29T01:01:15.839+0000] {taskinstance.py:1326} INFO - Marking task as FAILED. dag_id=my_dag, task_id=load_predict, execution_date=20230329T005000, start_date=20230329T005606, end_date=20230329T010115
[2023-03-29T01:01:15.869+0000] {standard_task_runner.py:105} ERROR - Failed to execute job 284 for task load_predict (name 'LabelEncoder' is not defined; 811)
[2023-03-29T01:01:16.034+0000] {local_task_job.py:212} INFO - Task exited with return code 1
[2023-03-29T01:01:16.103+0000] {taskinstance.py:2585} INFO - 0 downstream tasks scheduled from follow-on schedule check
