[2023-03-29T16:20:43.238+0000] {taskinstance.py:1084} INFO - Dependencies all met for dep_context=non-requeueable deps ti=<TaskInstance: my_dag.model_predict scheduled__2023-03-29T16:15:00+00:00 [queued]>
[2023-03-29T16:20:43.263+0000] {taskinstance.py:1084} INFO - Dependencies all met for dep_context=requeueable deps ti=<TaskInstance: my_dag.model_predict scheduled__2023-03-29T16:15:00+00:00 [queued]>
[2023-03-29T16:20:43.264+0000] {taskinstance.py:1282} INFO - 
--------------------------------------------------------------------------------
[2023-03-29T16:20:43.266+0000] {taskinstance.py:1283} INFO - Starting attempt 1 of 1
[2023-03-29T16:20:43.268+0000] {taskinstance.py:1284} INFO - 
--------------------------------------------------------------------------------
[2023-03-29T16:20:43.307+0000] {taskinstance.py:1303} INFO - Executing <Task(PythonOperator): model_predict> on 2023-03-29 16:15:00+00:00
[2023-03-29T16:20:43.334+0000] {standard_task_runner.py:55} INFO - Started process 3707 to run task
[2023-03-29T16:20:43.351+0000] {standard_task_runner.py:82} INFO - Running: ['***', 'tasks', 'run', 'my_dag', 'model_predict', 'scheduled__2023-03-29T16:15:00+00:00', '--job-id', '432', '--raw', '--subdir', 'DAGS_FOLDER/test.py', '--cfg-path', '/tmp/tmpeloh3z3j']
[2023-03-29T16:20:43.363+0000] {standard_task_runner.py:83} INFO - Job 432: Subtask model_predict
[2023-03-29T16:20:43.844+0000] {task_command.py:388} INFO - Running <TaskInstance: my_dag.model_predict scheduled__2023-03-29T16:15:00+00:00 [running]> on host e7ec0deaf382
[2023-03-29T16:20:44.163+0000] {taskinstance.py:1511} INFO - Exporting the following env vars:
AIRFLOW_CTX_DAG_OWNER=***
AIRFLOW_CTX_DAG_ID=my_dag
AIRFLOW_CTX_TASK_ID=model_predict
AIRFLOW_CTX_EXECUTION_DATE=2023-03-29T16:15:00+00:00
AIRFLOW_CTX_TRY_NUMBER=1
AIRFLOW_CTX_DAG_RUN_ID=scheduled__2023-03-29T16:15:00+00:00
[2023-03-29T16:20:47.012+0000] {warnings.py:110} WARNING - /home/***/.local/lib/python3.7/site-packages/google/cloud/bigquery/table.py:1988: UserWarning: A progress bar was requested, but there was an error loading the tqdm library. Please install tqdm to use the progress bar functionality.
  create_bqstorage_client=create_bqstorage_client,

[2023-03-29T16:20:54.561+0000] {gbq.py:352} INFO - Total time taken 10.18 s.
Finished at 2023-03-29 16:20:54.
[2023-03-29T16:20:54.725+0000] {taskinstance.py:1775} ERROR - Task failed with exception
Traceback (most recent call last):
  File "/home/airflow/.local/lib/python3.7/site-packages/airflow/operators/python.py", line 175, in execute
    return_value = self.execute_callable()
  File "/home/airflow/.local/lib/python3.7/site-packages/airflow/operators/python.py", line 192, in execute_callable
    return self.python_callable(*self.op_args, **self.op_kwargs)
  File "/opt/airflow/dags/test.py", line 121, in model_predict
    model=pickle.load(open('/opt/airflow/data/model.pkl','rb'))
ModuleNotFoundError: No module named 'lightgbm'
[2023-03-29T16:20:54.747+0000] {taskinstance.py:1326} INFO - Marking task as FAILED. dag_id=my_dag, task_id=model_predict, execution_date=20230329T161500, start_date=20230329T162043, end_date=20230329T162054
[2023-03-29T16:20:54.778+0000] {standard_task_runner.py:105} ERROR - Failed to execute job 432 for task model_predict (No module named 'lightgbm'; 3707)
[2023-03-29T16:20:54.847+0000] {local_task_job.py:212} INFO - Task exited with return code 1
[2023-03-29T16:20:54.897+0000] {taskinstance.py:2585} INFO - 0 downstream tasks scheduled from follow-on schedule check
