[2023-03-29T16:47:47.377+0000] {taskinstance.py:1084} INFO - Dependencies all met for dep_context=non-requeueable deps ti=<TaskInstance: my_dag.model_predict scheduled__2023-03-29T16:40:00+00:00 [queued]>
[2023-03-29T16:47:47.403+0000] {taskinstance.py:1084} INFO - Dependencies all met for dep_context=requeueable deps ti=<TaskInstance: my_dag.model_predict scheduled__2023-03-29T16:40:00+00:00 [queued]>
[2023-03-29T16:47:47.405+0000] {taskinstance.py:1282} INFO - 
--------------------------------------------------------------------------------
[2023-03-29T16:47:47.406+0000] {taskinstance.py:1283} INFO - Starting attempt 1 of 1
[2023-03-29T16:47:47.415+0000] {taskinstance.py:1284} INFO - 
--------------------------------------------------------------------------------
[2023-03-29T16:47:47.452+0000] {taskinstance.py:1303} INFO - Executing <Task(PythonOperator): model_predict> on 2023-03-29 16:40:00+00:00
[2023-03-29T16:47:47.473+0000] {standard_task_runner.py:55} INFO - Started process 73 to run task
[2023-03-29T16:47:47.490+0000] {standard_task_runner.py:82} INFO - Running: ['***', 'tasks', 'run', 'my_dag', 'model_predict', 'scheduled__2023-03-29T16:40:00+00:00', '--job-id', '438', '--raw', '--subdir', 'DAGS_FOLDER/test.py', '--cfg-path', '/tmp/tmp4bq_o5ks']
[2023-03-29T16:47:47.500+0000] {standard_task_runner.py:83} INFO - Job 438: Subtask model_predict
[2023-03-29T16:47:47.664+0000] {task_command.py:388} INFO - Running <TaskInstance: my_dag.model_predict scheduled__2023-03-29T16:40:00+00:00 [running]> on host c9ad826755ad
[2023-03-29T16:47:48.123+0000] {taskinstance.py:1511} INFO - Exporting the following env vars:
AIRFLOW_CTX_DAG_OWNER=***
AIRFLOW_CTX_DAG_ID=my_dag
AIRFLOW_CTX_TASK_ID=model_predict
AIRFLOW_CTX_EXECUTION_DATE=2023-03-29T16:40:00+00:00
AIRFLOW_CTX_TRY_NUMBER=1
AIRFLOW_CTX_DAG_RUN_ID=scheduled__2023-03-29T16:40:00+00:00
[2023-03-29T16:47:51.681+0000] {warnings.py:110} WARNING - /home/***/.local/lib/python3.7/site-packages/google/cloud/bigquery/table.py:1988: UserWarning: A progress bar was requested, but there was an error loading the tqdm library. Please install tqdm to use the progress bar functionality.
  create_bqstorage_client=create_bqstorage_client,

[2023-03-29T16:48:02.840+0000] {gbq.py:352} INFO - Total time taken 14.31 s.
Finished at 2023-03-29 16:48:02.
[2023-03-29T16:48:07.009+0000] {taskinstance.py:1775} ERROR - Task failed with exception
Traceback (most recent call last):
  File "/home/airflow/.local/lib/python3.7/site-packages/airflow/operators/python.py", line 175, in execute
    return_value = self.execute_callable()
  File "/home/airflow/.local/lib/python3.7/site-packages/airflow/operators/python.py", line 192, in execute_callable
    return self.python_callable(*self.op_args, **self.op_kwargs)
  File "/opt/airflow/dags/test.py", line 116, in model_predict
    model=pickle.load(open('/opt/airflow/data/model.pkl','rb'))
  File "/home/airflow/.local/lib/python3.7/site-packages/lightgbm/__init__.py", line 8, in <module>
    from .basic import Booster, Dataset, Sequence, register_logger
  File "/home/airflow/.local/lib/python3.7/site-packages/lightgbm/basic.py", line 110, in <module>
    _LIB = _load_lib()
  File "/home/airflow/.local/lib/python3.7/site-packages/lightgbm/basic.py", line 101, in _load_lib
    lib = ctypes.cdll.LoadLibrary(lib_path[0])
  File "/usr/local/lib/python3.7/ctypes/__init__.py", line 442, in LoadLibrary
    return self._dlltype(name)
  File "/usr/local/lib/python3.7/ctypes/__init__.py", line 364, in __init__
    self._handle = _dlopen(self._name, mode)
OSError: libgomp.so.1: cannot open shared object file: No such file or directory
[2023-03-29T16:48:07.060+0000] {taskinstance.py:1326} INFO - Marking task as FAILED. dag_id=my_dag, task_id=model_predict, execution_date=20230329T164000, start_date=20230329T164747, end_date=20230329T164807
[2023-03-29T16:48:07.189+0000] {standard_task_runner.py:105} ERROR - Failed to execute job 438 for task model_predict (libgomp.so.1: cannot open shared object file: No such file or directory; 73)
[2023-03-29T16:48:07.473+0000] {local_task_job.py:212} INFO - Task exited with return code 1
[2023-03-29T16:48:07.601+0000] {taskinstance.py:2585} INFO - 0 downstream tasks scheduled from follow-on schedule check
