[2023-03-29T00:55:30.587+0000] {taskinstance.py:1084} INFO - Dependencies all met for dep_context=non-requeueable deps ti=<TaskInstance: my_dag.load_predict scheduled__2023-03-29T00:45:00+00:00 [queued]>
[2023-03-29T00:55:30.618+0000] {taskinstance.py:1084} INFO - Dependencies all met for dep_context=requeueable deps ti=<TaskInstance: my_dag.load_predict scheduled__2023-03-29T00:45:00+00:00 [queued]>
[2023-03-29T00:55:30.620+0000] {taskinstance.py:1282} INFO - 
--------------------------------------------------------------------------------
[2023-03-29T00:55:30.625+0000] {taskinstance.py:1283} INFO - Starting attempt 1 of 1
[2023-03-29T00:55:30.630+0000] {taskinstance.py:1284} INFO - 
--------------------------------------------------------------------------------
[2023-03-29T00:55:31.470+0000] {taskinstance.py:1303} INFO - Executing <Task(PythonOperator): load_predict> on 2023-03-29 00:45:00+00:00
[2023-03-29T00:55:31.546+0000] {standard_task_runner.py:55} INFO - Started process 796 to run task
[2023-03-29T00:55:31.608+0000] {standard_task_runner.py:82} INFO - Running: ['***', 'tasks', 'run', 'my_dag', 'load_predict', 'scheduled__2023-03-29T00:45:00+00:00', '--job-id', '282', '--raw', '--subdir', 'DAGS_FOLDER/test.py', '--cfg-path', '/tmp/tmp3gi_hl34']
[2023-03-29T00:55:31.985+0000] {standard_task_runner.py:83} INFO - Job 282: Subtask load_predict
[2023-03-29T00:55:32.625+0000] {task_command.py:388} INFO - Running <TaskInstance: my_dag.load_predict scheduled__2023-03-29T00:45:00+00:00 [running]> on host 18cf4662f3ac
[2023-03-29T00:55:33.126+0000] {taskinstance.py:1511} INFO - Exporting the following env vars:
AIRFLOW_CTX_DAG_OWNER=***
AIRFLOW_CTX_DAG_ID=my_dag
AIRFLOW_CTX_TASK_ID=load_predict
AIRFLOW_CTX_EXECUTION_DATE=2023-03-29T00:45:00+00:00
AIRFLOW_CTX_TRY_NUMBER=1
AIRFLOW_CTX_DAG_RUN_ID=scheduled__2023-03-29T00:45:00+00:00
[2023-03-29T00:55:39.435+0000] {warnings.py:110} WARNING - /home/***/.local/lib/python3.7/site-packages/google/cloud/bigquery/table.py:1988: UserWarning: A progress bar was requested, but there was an error loading the tqdm library. Please install tqdm to use the progress bar functionality.
  create_bqstorage_client=create_bqstorage_client,

[2023-03-29T01:00:48.756+0000] {gbq.py:352} INFO - Total time taken 314.74 s.
Finished at 2023-03-29 01:00:48.
[2023-03-29T01:00:48.858+0000] {taskinstance.py:1775} ERROR - Task failed with exception
Traceback (most recent call last):
  File "/home/airflow/.local/lib/python3.7/site-packages/airflow/operators/python.py", line 175, in execute
    return_value = self.execute_callable()
  File "/home/airflow/.local/lib/python3.7/site-packages/airflow/operators/python.py", line 192, in execute_callable
    return self.python_callable(*self.op_args, **self.op_kwargs)
  File "/opt/airflow/dags/test.py", line 111, in transform_tax
    encoder = LabelEncoder()
NameError: name 'LabelEncoder' is not defined
[2023-03-29T01:00:48.891+0000] {taskinstance.py:1326} INFO - Marking task as FAILED. dag_id=my_dag, task_id=load_predict, execution_date=20230329T004500, start_date=20230329T005530, end_date=20230329T010048
[2023-03-29T01:00:48.937+0000] {standard_task_runner.py:105} ERROR - Failed to execute job 282 for task load_predict (name 'LabelEncoder' is not defined; 796)
[2023-03-29T01:00:49.232+0000] {local_task_job.py:212} INFO - Task exited with return code 1
[2023-03-29T01:00:49.480+0000] {taskinstance.py:2585} INFO - 0 downstream tasks scheduled from follow-on schedule check
